<?xml version="1.0" ?>
<!DOCTYPE coverage SYSTEM "http://cobertura.sourceforge.net/xml/coverage-04.dtd">
<coverage lines-valid="439" lines-covered="264" line-rate="0.6013000000000001" branches-valid="145" branches-covered="105" branch-rate="0.7241" timestamp="1716390801564" complexity="0" version="0.1">
  <sources>
    <source>C:\Users\nashi\Desktop\Staff-Relations-Managment</source>
  </sources>
  <packages>
    <package name="Staff-Relations-Managment" line-rate="0.8928" branch-rate="0.8957999999999999">
      <classes>
        <class name="mocks.js" filename="mocks.js" line-rate="0.8928" branch-rate="0.8957999999999999">
          <methods>
            <method name="(anonymous_0)" hits="7" signature="()V">
              <lines>
                <line number="7" hits="7"/>
              </lines>
            </method>
            <method name="(anonymous_1)" hits="4" signature="()V">
              <lines>
                <line number="9" hits="4"/>
              </lines>
            </method>
            <method name="(anonymous_2)" hits="7" signature="()V">
              <lines>
                <line number="30" hits="7"/>
              </lines>
            </method>
            <method name="(anonymous_3)" hits="0" signature="()V">
              <lines>
                <line number="32" hits="0"/>
              </lines>
            </method>
            <method name="(anonymous_4)" hits="4" signature="()V">
              <lines>
                <line number="40" hits="4"/>
              </lines>
            </method>
            <method name="(anonymous_5)" hits="1" signature="()V">
              <lines>
                <line number="50" hits="1"/>
              </lines>
            </method>
            <method name="(anonymous_6)" hits="2" signature="()V">
              <lines>
                <line number="54" hits="2"/>
              </lines>
            </method>
            <method name="(anonymous_7)" hits="0" signature="()V">
              <lines>
                <line number="55" hits="0"/>
              </lines>
            </method>
            <method name="(anonymous_8)" hits="1" signature="()V">
              <lines>
                <line number="58" hits="1"/>
              </lines>
            </method>
            <method name="(anonymous_9)" hits="0" signature="()V">
              <lines>
                <line number="65" hits="0"/>
              </lines>
            </method>
            <method name="(anonymous_10)" hits="8" signature="()V">
              <lines>
                <line number="67" hits="8"/>
              </lines>
            </method>
            <method name="(anonymous_11)" hits="6" signature="()V">
              <lines>
                <line number="75" hits="6"/>
              </lines>
            </method>
            <method name="(anonymous_12)" hits="1" signature="()V">
              <lines>
                <line number="91" hits="1"/>
              </lines>
            </method>
            <method name="(anonymous_13)" hits="7" signature="()V">
              <lines>
                <line number="95" hits="7"/>
              </lines>
            </method>
            <method name="(anonymous_14)" hits="1" signature="()V">
              <lines>
                <line number="97" hits="1"/>
              </lines>
            </method>
            <method name="(anonymous_15)" hits="23" signature="()V">
              <lines>
                <line number="99" hits="23"/>
              </lines>
            </method>
            <method name="(anonymous_16)" hits="0" signature="()V">
              <lines>
                <line number="110" hits="0"/>
              </lines>
            </method>
            <method name="(anonymous_17)" hits="4" signature="()V">
              <lines>
                <line number="111" hits="4"/>
              </lines>
            </method>
            <method name="(anonymous_18)" hits="0" signature="()V">
              <lines>
                <line number="112" hits="0"/>
              </lines>
            </method>
            <method name="(anonymous_19)" hits="20" signature="()V">
              <lines>
                <line number="114" hits="20"/>
              </lines>
            </method>
            <method name="(anonymous_20)" hits="1" signature="()V">
              <lines>
                <line number="124" hits="1"/>
              </lines>
            </method>
            <method name="(anonymous_21)" hits="1" signature="()V">
              <lines>
                <line number="138" hits="1"/>
              </lines>
            </method>
            <method name="(anonymous_22)" hits="0" signature="()V">
              <lines>
                <line number="149" hits="0"/>
              </lines>
            </method>
            <method name="(anonymous_23)" hits="1" signature="()V">
              <lines>
                <line number="150" hits="1"/>
              </lines>
            </method>
            <method name="(anonymous_24)" hits="7" signature="()V">
              <lines>
                <line number="151" hits="7"/>
              </lines>
            </method>
            <method name="(anonymous_25)" hits="1" signature="()V">
              <lines>
                <line number="167" hits="1"/>
              </lines>
            </method>
            <method name="(anonymous_26)" hits="7" signature="()V">
              <lines>
                <line number="176" hits="7"/>
              </lines>
            </method>
            <method name="(anonymous_27)" hits="0" signature="()V">
              <lines>
                <line number="178" hits="0"/>
              </lines>
            </method>
            <method name="(anonymous_28)" hits="7" signature="()V">
              <lines>
                <line number="185" hits="7"/>
              </lines>
            </method>
            <method name="(anonymous_29)" hits="3" signature="()V">
              <lines>
                <line number="187" hits="3"/>
              </lines>
            </method>
            <method name="(anonymous_30)" hits="1" signature="()V">
              <lines>
                <line number="188" hits="1"/>
              </lines>
            </method>
            <method name="(anonymous_31)" hits="2" signature="()V">
              <lines>
                <line number="189" hits="2"/>
              </lines>
            </method>
            <method name="(anonymous_32)" hits="2" signature="()V">
              <lines>
                <line number="190" hits="2"/>
              </lines>
            </method>
            <method name="(anonymous_33)" hits="0" signature="()V">
              <lines>
                <line number="196" hits="0"/>
              </lines>
            </method>
          </methods>
          <lines>
            <line number="7" hits="7" branch="false"/>
            <line number="11" hits="4" branch="true" condition-coverage="100% (4/4)"/>
            <line number="12" hits="1" branch="false"/>
            <line number="13" hits="1" branch="false"/>
            <line number="14" hits="1" branch="false"/>
            <line number="17" hits="3" branch="true" condition-coverage="100% (2/2)"/>
            <line number="19" hits="2" branch="true" condition-coverage="75% (3/4)"/>
            <line number="20" hits="2" branch="false"/>
            <line number="21" hits="2" branch="false"/>
            <line number="22" hits="2" branch="false"/>
            <line number="25" hits="1" branch="false"/>
            <line number="30" hits="7" branch="false"/>
            <line number="34" hits="0" branch="true" condition-coverage="0% (0/2)"/>
            <line number="35" hits="0" branch="false"/>
            <line number="37" hits="0" branch="false"/>
            <line number="42" hits="4" branch="true" condition-coverage="100% (2/2)"/>
            <line number="44" hits="1" branch="false"/>
            <line number="50" hits="1" branch="false"/>
            <line number="51" hits="1" branch="false"/>
            <line number="54" hits="3" branch="true" condition-coverage="100% (2/2)"/>
            <line number="55" hits="1" branch="true" condition-coverage="50% (1/2)"/>
            <line number="58" hits="1" branch="false"/>
            <line number="59" hits="1" branch="false"/>
            <line number="61" hits="1" branch="false"/>
            <line number="65" hits="0" branch="false"/>
            <line number="69" hits="8" branch="true" condition-coverage="100% (2/2)"/>
            <line number="70" hits="7" branch="true" condition-coverage="100% (2/2)"/>
            <line number="71" hits="6" branch="true" condition-coverage="50% (1/2)"/>
            <line number="72" hits="6" branch="false"/>
            <line number="77" hits="6" branch="true" condition-coverage="100% (2/2)"/>
            <line number="78" hits="2" branch="false"/>
            <line number="81" hits="4" branch="true" condition-coverage="100% (2/2)"/>
            <line number="82" hits="1" branch="false"/>
            <line number="85" hits="3" branch="true" condition-coverage="100% (2/2)"/>
            <line number="86" hits="2" branch="false"/>
            <line number="88" hits="1" branch="false"/>
            <line number="91" hits="1" branch="false"/>
            <line number="95" hits="7" branch="false"/>
            <line number="97" hits="1" branch="false"/>
            <line number="101" hits="23" branch="true" condition-coverage="100% (4/4)"/>
            <line number="102" hits="1" branch="false"/>
            <line number="105" hits="22" branch="true" condition-coverage="100% (2/2)"/>
            <line number="106" hits="1" branch="false"/>
            <line number="108" hits="21" branch="false"/>
            <line number="110" hits="0" branch="false"/>
            <line number="111" hits="4" branch="false"/>
            <line number="112" hits="0" branch="false"/>
            <line number="116" hits="20" branch="true" condition-coverage="100% (2/2)"/>
            <line number="118" hits="1" branch="false"/>
            <line number="124" hits="1" branch="false"/>
            <line number="125" hits="1" branch="false"/>
            <line number="126" hits="1" branch="false"/>
            <line number="129" hits="19" branch="true" condition-coverage="100% (2/2)"/>
            <line number="131" hits="1" branch="false"/>
            <line number="132" hits="1" branch="false"/>
            <line number="133" hits="1" branch="false"/>
            <line number="136" hits="18" branch="true" condition-coverage="100% (2/2)"/>
            <line number="138" hits="1" branch="false"/>
            <line number="139" hits="1" branch="false"/>
            <line number="140" hits="1" branch="false"/>
            <line number="143" hits="17" branch="true" condition-coverage="100% (2/2)"/>
            <line number="145" hits="16" branch="false"/>
            <line number="146" hits="16" branch="false"/>
            <line number="149" hits="0" branch="false"/>
            <line number="150" hits="1" branch="false"/>
            <line number="153" hits="7" branch="true" condition-coverage="100% (2/2)"/>
            <line number="154" hits="1" branch="false"/>
            <line number="157" hits="6" branch="true" condition-coverage="100% (2/2)"/>
            <line number="158" hits="1" branch="false"/>
            <line number="160" hits="5" branch="false"/>
            <line number="165" hits="7" branch="false"/>
            <line number="166" hits="7" branch="false"/>
            <line number="168" hits="1" branch="false"/>
            <line number="176" hits="7" branch="false"/>
            <line number="178" hits="0" branch="false"/>
            <line number="185" hits="7" branch="false"/>
            <line number="187" hits="3" branch="false"/>
            <line number="188" hits="1" branch="false"/>
            <line number="189" hits="2" branch="false"/>
            <line number="190" hits="2" branch="false"/>
            <line number="195" hits="7" branch="false"/>
            <line number="196" hits="0" branch="false"/>
            <line number="200" hits="7" branch="false"/>
            <line number="201" hits="7" branch="false"/>
          </lines>
        </class>
      </classes>
    </package>
    <package name="Staff-Relations-Managment.src" line-rate="0.5323" branch-rate="0.6391">
      <classes>
        <class name="firebase_functions.js" filename="src\firebase_functions.js" line-rate="0.4236" branch-rate="0.4807">
          <methods>
            <method name="displayBookings" hits="1" signature="()V">
              <lines>
                <line number="12" hits="1"/>
              </lines>
            </method>
            <method name="displayAllBookings" hits="1" signature="()V">
              <lines>
                <line number="23" hits="1"/>
              </lines>
            </method>
            <method name="SendHome" hits="4" signature="()V">
              <lines>
                <line number="36" hits="4"/>
              </lines>
            </method>
            <method name="(anonymous_3)" hits="1" signature="()V">
              <lines>
                <line number="42" hits="1"/>
              </lines>
            </method>
            <method name="GetCurrentUserMealBookings" hits="2" signature="()V">
              <lines>
                <line number="60" hits="2"/>
              </lines>
            </method>
            <method name="(anonymous_5)" hits="0" signature="()V">
              <lines>
                <line number="82" hits="0"/>
              </lines>
            </method>
            <method name="GetCurrentUserCarWashBookings" hits="2" signature="()V">
              <lines>
                <line number="91" hits="2"/>
              </lines>
            </method>
            <method name="(anonymous_7)" hits="0" signature="()V">
              <lines>
                <line number="105" hits="0"/>
              </lines>
            </method>
            <method name="GetCurrentUserFeedbackNotifications" hits="0" signature="()V">
              <lines>
                <line number="116" hits="0"/>
              </lines>
            </method>
            <method name="(anonymous_9)" hits="0" signature="()V">
              <lines>
                <line number="140" hits="0"/>
              </lines>
            </method>
            <method name="canBookSlot" hits="1" signature="()V">
              <lines>
                <line number="168" hits="1"/>
              </lines>
            </method>
            <method name="updateAvailableSlots" hits="1" signature="()V">
              <lines>
                <line number="183" hits="1"/>
              </lines>
            </method>
            <method name="(anonymous_12)" hits="9" signature="()V">
              <lines>
                <line number="194" hits="9"/>
              </lines>
            </method>
            <method name="bookSlot" hits="0" signature="()V">
              <lines>
                <line number="209" hits="0"/>
              </lines>
            </method>
            <method name="doBooking" hits="0" signature="()V">
              <lines>
                <line number="247" hits="0"/>
              </lines>
            </method>
            <method name="populateMeals" hits="0" signature="()V">
              <lines>
                <line number="300" hits="0"/>
              </lines>
            </method>
            <method name="(anonymous_16)" hits="0" signature="()V">
              <lines>
                <line number="311" hits="0"/>
              </lines>
            </method>
            <method name="doMealBooking" hits="0" signature="()V">
              <lines>
                <line number="324" hits="0"/>
              </lines>
            </method>
            <method name="CreateMeal" hits="2" signature="()V">
              <lines>
                <line number="389" hits="2"/>
              </lines>
            </method>
            <method name="FirebaseLogin" hits="4" signature="()V">
              <lines>
                <line number="424" hits="4"/>
              </lines>
            </method>
            <method name="handleRoleChange" hits="0" signature="()V">
              <lines>
                <line number="482" hits="0"/>
              </lines>
            </method>
            <method name="(anonymous_21)" hits="0" signature="()V">
              <lines>
                <line number="491" hits="0"/>
              </lines>
            </method>
            <method name="(anonymous_22)" hits="0" signature="()V">
              <lines>
                <line number="498" hits="0"/>
              </lines>
            </method>
            <method name="(anonymous_23)" hits="0" signature="()V">
              <lines>
                <line number="503" hits="0"/>
              </lines>
            </method>
            <method name="(anonymous_24)" hits="0" signature="()V">
              <lines>
                <line number="511" hits="0"/>
              </lines>
            </method>
            <method name="(anonymous_25)" hits="0" signature="()V">
              <lines>
                <line number="519" hits="0"/>
              </lines>
            </method>
            <method name="(anonymous_26)" hits="0" signature="()V">
              <lines>
                <line number="528" hits="0"/>
              </lines>
            </method>
            <method name="handleUserDelete" hits="0" signature="()V">
              <lines>
                <line number="534" hits="0"/>
              </lines>
            </method>
            <method name="(anonymous_28)" hits="0" signature="()V">
              <lines>
                <line number="540" hits="0"/>
              </lines>
            </method>
            <method name="(anonymous_29)" hits="0" signature="()V">
              <lines>
                <line number="547" hits="0"/>
              </lines>
            </method>
            <method name="(anonymous_30)" hits="0" signature="()V">
              <lines>
                <line number="556" hits="0"/>
              </lines>
            </method>
            <method name="(anonymous_31)" hits="0" signature="()V">
              <lines>
                <line number="570" hits="0"/>
              </lines>
            </method>
            <method name="(anonymous_32)" hits="0" signature="()V">
              <lines>
                <line number="577" hits="0"/>
              </lines>
            </method>
            <method name="handleFeedbackRequest" hits="0" signature="()V">
              <lines>
                <line number="583" hits="0"/>
              </lines>
            </method>
            <method name="(anonymous_34)" hits="0" signature="()V">
              <lines>
                <line number="593" hits="0"/>
              </lines>
            </method>
            <method name="(anonymous_35)" hits="0" signature="()V">
              <lines>
                <line number="599" hits="0"/>
              </lines>
            </method>
            <method name="(anonymous_36)" hits="0" signature="()V">
              <lines>
                <line number="603" hits="0"/>
              </lines>
            </method>
            <method name="(anonymous_37)" hits="0" signature="()V">
              <lines>
                <line number="628" hits="0"/>
              </lines>
            </method>
            <method name="getCarwashBookings" hits="1" signature="()V">
              <lines>
                <line number="639" hits="1"/>
              </lines>
            </method>
            <method name="(anonymous_39)" hits="1" signature="()V">
              <lines>
                <line number="653" hits="1"/>
              </lines>
            </method>
          </methods>
          <lines>
            <line number="14" hits="1" branch="false"/>
            <line number="15" hits="1" branch="false"/>
            <line number="16" hits="1" branch="false"/>
            <line number="18" hits="1" branch="false"/>
            <line number="25" hits="1" branch="false"/>
            <line number="26" hits="1" branch="false"/>
            <line number="27" hits="1" branch="false"/>
            <line number="29" hits="1" branch="false"/>
            <line number="38" hits="4" branch="true" condition-coverage="100% (2/2)"/>
            <line number="39" hits="3" branch="false"/>
            <line number="41" hits="3" branch="false"/>
            <line number="42" hits="1" branch="false"/>
            <line number="44" hits="1" branch="false"/>
            <line number="45" hits="1" branch="false"/>
            <line number="47" hits="1" branch="false"/>
            <line number="51" hits="2" branch="false"/>
            <line number="55" hits="1" branch="false"/>
            <line number="63" hits="2" branch="false"/>
            <line number="65" hits="2" branch="true" condition-coverage="100% (2/2)"/>
            <line number="66" hits="1" branch="false"/>
            <line number="67" hits="1" branch="false"/>
            <line number="72" hits="2" branch="false"/>
            <line number="73" hits="2" branch="false"/>
            <line number="76" hits="2" branch="false"/>
            <line number="79" hits="2" branch="false"/>
            <line number="81" hits="2" branch="false"/>
            <line number="82" hits="2" branch="false"/>
            <line number="83" hits="0" branch="false"/>
            <line number="87" hits="2" branch="false"/>
            <line number="93" hits="2" branch="false"/>
            <line number="96" hits="2" branch="false"/>
            <line number="97" hits="2" branch="false"/>
            <line number="100" hits="2" branch="false"/>
            <line number="103" hits="2" branch="false"/>
            <line number="104" hits="2" branch="false"/>
            <line number="105" hits="2" branch="false"/>
            <line number="106" hits="0" branch="false"/>
            <line number="108" hits="2" branch="false"/>
            <line number="118" hits="0" branch="true" condition-coverage="0% (0/2)"/>
            <line number="120" hits="0" branch="false"/>
            <line number="122" hits="0" branch="false"/>
            <line number="126" hits="0" branch="false"/>
            <line number="130" hits="0" branch="false"/>
            <line number="133" hits="0" branch="false"/>
            <line number="138" hits="0" branch="false"/>
            <line number="140" hits="0" branch="false"/>
            <line number="142" hits="0" branch="false"/>
            <line number="150" hits="0" branch="false"/>
            <line number="152" hits="0" branch="false"/>
            <line number="156" hits="0" branch="false"/>
            <line number="158" hits="0" branch="false"/>
            <line number="170" hits="1" branch="false"/>
            <line number="171" hits="1" branch="false"/>
            <line number="172" hits="1" branch="false"/>
            <line number="173" hits="1" branch="false"/>
            <line number="174" hits="1" branch="false"/>
            <line number="178" hits="1" branch="false"/>
            <line number="185" hits="1" branch="false"/>
            <line number="186" hits="1" branch="false"/>
            <line number="187" hits="1" branch="false"/>
            <line number="189" hits="1" branch="false"/>
            <line number="192" hits="1" branch="false"/>
            <line number="194" hits="1" branch="false"/>
            <line number="196" hits="9" branch="false"/>
            <line number="197" hits="9" branch="false"/>
            <line number="198" hits="9" branch="false"/>
            <line number="200" hits="9" branch="false"/>
            <line number="202" hits="9" branch="true" condition-coverage="50% (1/2)"/>
            <line number="203" hits="9" branch="false"/>
            <line number="211" hits="0" branch="false"/>
            <line number="212" hits="0" branch="false"/>
            <line number="214" hits="0" branch="true" condition-coverage="0% (0/2)"/>
            <line number="216" hits="0" branch="false"/>
            <line number="217" hits="0" branch="false"/>
            <line number="218" hits="0" branch="false"/>
            <line number="220" hits="0" branch="false"/>
            <line number="221" hits="0" branch="false"/>
            <line number="222" hits="0" branch="false"/>
            <line number="224" hits="0" branch="false"/>
            <line number="226" hits="0" branch="true" condition-coverage="0% (0/2)"/>
            <line number="227" hits="0" branch="false"/>
            <line number="230" hits="0" branch="false"/>
            <line number="238" hits="0" branch="false"/>
            <line number="239" hits="0" branch="false"/>
            <line number="242" hits="0" branch="false"/>
            <line number="249" hits="0" branch="false"/>
            <line number="251" hits="0" branch="false"/>
            <line number="252" hits="0" branch="false"/>
            <line number="253" hits="0" branch="false"/>
            <line number="255" hits="0" branch="false"/>
            <line number="256" hits="0" branch="false"/>
            <line number="258" hits="0" branch="true" condition-coverage="0% (0/2)"/>
            <line number="261" hits="0" branch="false"/>
            <line number="263" hits="0" branch="false"/>
            <line number="264" hits="0" branch="false"/>
            <line number="265" hits="0" branch="false"/>
            <line number="267" hits="0" branch="false"/>
            <line number="286" hits="0" branch="false"/>
            <line number="287" hits="0" branch="false"/>
            <line number="290" hits="0" branch="false"/>
            <line number="291" hits="0" branch="false"/>
            <line number="302" hits="0" branch="false"/>
            <line number="303" hits="0" branch="false"/>
            <line number="304" hits="0" branch="false"/>
            <line number="306" hits="0" branch="false"/>
            <line number="309" hits="0" branch="false"/>
            <line number="311" hits="0" branch="false"/>
            <line number="312" hits="0" branch="false"/>
            <line number="314" hits="0" branch="true" condition-coverage="0% (0/2)"/>
            <line number="315" hits="0" branch="false"/>
            <line number="316" hits="0" branch="false"/>
            <line number="317" hits="0" branch="false"/>
            <line number="318" hits="0" branch="false"/>
            <line number="326" hits="0" branch="true" condition-coverage="0% (0/2)"/>
            <line number="328" hits="0" branch="false"/>
            <line number="329" hits="0" branch="false"/>
            <line number="331" hits="0" branch="false"/>
            <line number="332" hits="0" branch="false"/>
            <line number="335" hits="0" branch="true" condition-coverage="0% (0/2)"/>
            <line number="337" hits="0" branch="false"/>
            <line number="338" hits="0" branch="false"/>
            <line number="340" hits="0" branch="false"/>
            <line number="342" hits="0" branch="false"/>
            <line number="343" hits="0" branch="false"/>
            <line number="346" hits="0" branch="false"/>
            <line number="355" hits="0" branch="false"/>
            <line number="356" hits="0" branch="false"/>
            <line number="365" hits="0" branch="false"/>
            <line number="366" hits="0" branch="false"/>
            <line number="367" hits="0" branch="false"/>
            <line number="368" hits="0" branch="false"/>
            <line number="373" hits="0" branch="false"/>
            <line number="374" hits="0" branch="false"/>
            <line number="380" hits="0" branch="false"/>
            <line number="381" hits="0" branch="false"/>
            <line number="392" hits="2" branch="false"/>
            <line number="393" hits="2" branch="false"/>
            <line number="396" hits="2" branch="true" condition-coverage="100% (2/2)"/>
            <line number="397" hits="1" branch="false"/>
            <line number="400" hits="1" branch="false"/>
            <line number="401" hits="1" branch="false"/>
            <line number="403" hits="1" branch="false"/>
            <line number="409" hits="1" branch="false"/>
            <line number="410" hits="1" branch="false"/>
            <line number="411" hits="1" branch="false"/>
            <line number="416" hits="1" branch="false"/>
            <line number="425" hits="4" branch="false"/>
            <line number="426" hits="4" branch="false"/>
            <line number="427" hits="3" branch="false"/>
            <line number="428" hits="3" branch="false"/>
            <line number="429" hits="3" branch="false"/>
            <line number="434" hits="3" branch="false"/>
            <line number="435" hits="3" branch="false"/>
            <line number="436" hits="3" branch="false"/>
            <line number="438" hits="3" branch="true" condition-coverage="100% (2/2)"/>
            <line number="439" hits="1" branch="false"/>
            <line number="440" hits="1" branch="true" condition-coverage="100% (2/2)"/>
            <line number="441" hits="1" branch="true" condition-coverage="100% (2/2)"/>
            <line number="442" hits="1" branch="true" condition-coverage="100% (2/2)"/>
            <line number="446" hits="2" branch="false"/>
            <line number="447" hits="2" branch="false"/>
            <line number="449" hits="2" branch="true" condition-coverage="100% (2/2)"/>
            <line number="450" hits="1" branch="false"/>
            <line number="451" hits="1" branch="false"/>
            <line number="452" hits="1" branch="false"/>
            <line number="453" hits="1" branch="true" condition-coverage="100% (2/2)"/>
            <line number="454" hits="1" branch="true" condition-coverage="100% (2/2)"/>
            <line number="455" hits="1" branch="true" condition-coverage="100% (2/2)"/>
            <line number="457" hits="1" branch="false"/>
            <line number="460" hits="2" branch="false"/>
            <line number="462" hits="2" branch="false"/>
            <line number="463" hits="2" branch="false"/>
            <line number="464" hits="2" branch="false"/>
            <line number="465" hits="2" branch="false"/>
            <line number="466" hits="2" branch="true" condition-coverage="50% (1/2)"/>
            <line number="467" hits="2" branch="false"/>
            <line number="471" hits="4" branch="false"/>
            <line number="472" hits="4" branch="true" condition-coverage="50% (1/2)"/>
            <line number="473" hits="4" branch="false"/>
            <line number="484" hits="0" branch="false"/>
            <line number="485" hits="0" branch="false"/>
            <line number="486" hits="0" branch="false"/>
            <line number="488" hits="0" branch="false"/>
            <line number="490" hits="0" branch="false"/>
            <line number="492" hits="0" branch="true" condition-coverage="0% (0/2)"/>
            <line number="493" hits="0" branch="false"/>
            <line number="496" hits="0" branch="false"/>
            <line number="498" hits="0" branch="false"/>
            <line number="499" hits="0" branch="false"/>
            <line number="503" hits="0" branch="false"/>
            <line number="504" hits="0" branch="false"/>
            <line number="506" hits="0" branch="false"/>
            <line number="507" hits="0" branch="false"/>
            <line number="508" hits="0" branch="false"/>
            <line number="510" hits="0" branch="false"/>
            <line number="512" hits="0" branch="false"/>
            <line number="513" hits="0" branch="false"/>
            <line number="514" hits="0" branch="true" condition-coverage="0% (0/2)"/>
            <line number="515" hits="0" branch="false"/>
            <line number="517" hits="0" branch="false"/>
            <line number="520" hits="0" branch="false"/>
            <line number="525" hits="0" branch="false"/>
            <line number="529" hits="0" branch="false"/>
            <line number="535" hits="0" branch="false"/>
            <line number="536" hits="0" branch="false"/>
            <line number="538" hits="0" branch="false"/>
            <line number="539" hits="0" branch="false"/>
            <line number="541" hits="0" branch="true" condition-coverage="0% (0/2)"/>
            <line number="542" hits="0" branch="false"/>
            <line number="545" hits="0" branch="false"/>
            <line number="547" hits="0" branch="false"/>
            <line number="548" hits="0" branch="false"/>
            <line number="550" hits="0" branch="false"/>
            <line number="551" hits="0" branch="false"/>
            <line number="554" hits="0" branch="false"/>
            <line number="555" hits="0" branch="false"/>
            <line number="556" hits="0" branch="false"/>
            <line number="557" hits="0" branch="false"/>
            <line number="558" hits="0" branch="false"/>
            <line number="562" hits="0" branch="false"/>
            <line number="563" hits="0" branch="false"/>
            <line number="564" hits="0" branch="false"/>
            <line number="566" hits="0" branch="false"/>
            <line number="570" hits="0" branch="false"/>
            <line number="571" hits="0" branch="false"/>
            <line number="574" hits="0" branch="false"/>
            <line number="578" hits="0" branch="false"/>
            <line number="585" hits="0" branch="false"/>
            <line number="586" hits="0" branch="false"/>
            <line number="588" hits="0" branch="false"/>
            <line number="590" hits="0" branch="false"/>
            <line number="592" hits="0" branch="false"/>
            <line number="594" hits="0" branch="true" condition-coverage="0% (0/2)"/>
            <line number="595" hits="0" branch="false"/>
            <line number="597" hits="0" branch="false"/>
            <line number="599" hits="0" branch="false"/>
            <line number="600" hits="0" branch="false"/>
            <line number="603" hits="0" branch="false"/>
            <line number="604" hits="0" branch="false"/>
            <line number="606" hits="0" branch="true" condition-coverage="0% (0/2)"/>
            <line number="607" hits="0" branch="false"/>
            <line number="609" hits="0" branch="false"/>
            <line number="610" hits="0" branch="false"/>
            <line number="615" hits="0" branch="false"/>
            <line number="616" hits="0" branch="false"/>
            <line number="618" hits="0" branch="false"/>
            <line number="621" hits="0" branch="false"/>
            <line number="625" hits="0" branch="false"/>
            <line number="629" hits="0" branch="false"/>
            <line number="641" hits="1" branch="false"/>
            <line number="642" hits="1" branch="false"/>
            <line number="643" hits="1" branch="false"/>
            <line number="644" hits="1" branch="false"/>
            <line number="646" hits="1" branch="false"/>
            <line number="647" hits="1" branch="false"/>
            <line number="648" hits="1" branch="false"/>
            <line number="650" hits="1" branch="false"/>
            <line number="651" hits="1" branch="false"/>
            <line number="652" hits="1" branch="false"/>
            <line number="653" hits="1" branch="false"/>
            <line number="654" hits="1" branch="false"/>
            <line number="657" hits="1" branch="false"/>
          </lines>
        </class>
        <class name="functions.js" filename="src\functions.js" line-rate="0.8387" branch-rate="0.8222">
          <methods>
            <method name="manageDate" hits="2" signature="()V">
              <lines>
                <line number="5" hits="2"/>
              </lines>
            </method>
            <method name="(anonymous_1)" hits="2" signature="()V">
              <lines>
                <line number="7" hits="2"/>
              </lines>
            </method>
            <method name="(anonymous_2)" hits="0" signature="()V">
              <lines>
                <line number="20" hits="0"/>
              </lines>
            </method>
            <method name="(anonymous_3)" hits="0" signature="()V">
              <lines>
                <line number="22" hits="0"/>
              </lines>
            </method>
            <method name="(anonymous_4)" hits="0" signature="()V">
              <lines>
                <line number="23" hits="0"/>
              </lines>
            </method>
            <method name="getDayName" hits="2" signature="()V">
              <lines>
                <line number="34" hits="2"/>
              </lines>
            </method>
            <method name="renderBookings" hits="1" signature="()V">
              <lines>
                <line number="41" hits="1"/>
              </lines>
            </method>
            <method name="(anonymous_7)" hits="1" signature="()V">
              <lines>
                <line number="43" hits="1"/>
              </lines>
            </method>
            <method name="renderMeals" hits="1" signature="()V">
              <lines>
                <line number="61" hits="1"/>
              </lines>
            </method>
            <method name="(anonymous_9)" hits="1" signature="()V">
              <lines>
                <line number="65" hits="1"/>
              </lines>
            </method>
            <method name="CheckUserAuthenticated" hits="3" signature="()V">
              <lines>
                <line number="85" hits="3"/>
              </lines>
            </method>
            <method name="CreateMealNotificationElements" hits="1" signature="()V">
              <lines>
                <line number="102" hits="1"/>
              </lines>
            </method>
            <method name="(anonymous_12)" hits="1" signature="()V">
              <lines>
                <line number="104" hits="1"/>
              </lines>
            </method>
            <method name="CreateCarWashNotificationElement" hits="1" signature="()V">
              <lines>
                <line number="116" hits="1"/>
              </lines>
            </method>
            <method name="(anonymous_14)" hits="1" signature="()V">
              <lines>
                <line number="118" hits="1"/>
              </lines>
            </method>
            <method name="CreateFeedbackNotificationElement" hits="0" signature="()V">
              <lines>
                <line number="133" hits="0"/>
              </lines>
            </method>
            <method name="(anonymous_16)" hits="0" signature="()V">
              <lines>
                <line number="135" hits="0"/>
              </lines>
            </method>
            <method name="PopulateNotifications" hits="1" signature="()V">
              <lines>
                <line number="158" hits="1"/>
              </lines>
            </method>
            <method name="(anonymous_18)" hits="2" signature="()V">
              <lines>
                <line number="160" hits="2"/>
              </lines>
            </method>
            <method name="areInputsSelected" hits="0" signature="()V">
              <lines>
                <line number="173" hits="0"/>
              </lines>
            </method>
            <method name="ChangeWindow" hits="3" signature="()V">
              <lines>
                <line number="181" hits="3"/>
              </lines>
            </method>
            <method name="SetLoginError" hits="4" signature="()V">
              <lines>
                <line number="195" hits="4"/>
              </lines>
            </method>
            <method name="isValidAccessKey" hits="5" signature="()V">
              <lines>
                <line number="219" hits="5"/>
              </lines>
            </method>
            <method name="SetRole" hits="3" signature="()V">
              <lines>
                <line number="224" hits="3"/>
              </lines>
            </method>
            <method name="SetSignUpError" hits="6" signature="()V">
              <lines>
                <line number="241" hits="6"/>
              </lines>
            </method>
            <method name="truncateText" hits="3" signature="()V">
              <lines>
                <line number="266" hits="3"/>
              </lines>
            </method>
          </methods>
          <lines>
            <line number="7" hits="2" branch="false"/>
            <line number="9" hits="2" branch="false"/>
            <line number="10" hits="2" branch="true" condition-coverage="100% (4/4)"/>
            <line number="11" hits="1" branch="false"/>
            <line number="12" hits="1" branch="false"/>
            <line number="15" hits="1" branch="false"/>
            <line number="20" hits="2" branch="false"/>
            <line number="21" hits="0" branch="false"/>
            <line number="22" hits="0" branch="false"/>
            <line number="23" hits="0" branch="false"/>
            <line number="24" hits="0" branch="false"/>
            <line number="25" hits="0" branch="true" condition-coverage="0% (0/4)"/>
            <line number="26" hits="0" branch="false"/>
            <line number="35" hits="2" branch="false"/>
            <line number="36" hits="2" branch="false"/>
            <line number="37" hits="2" branch="false"/>
            <line number="42" hits="1" branch="false"/>
            <line number="43" hits="1" branch="false"/>
            <line number="44" hits="1" branch="false"/>
            <line number="45" hits="1" branch="false"/>
            <line number="53" hits="1" branch="false"/>
            <line number="63" hits="1" branch="false"/>
            <line number="65" hits="1" branch="false"/>
            <line number="66" hits="1" branch="false"/>
            <line number="67" hits="1" branch="false"/>
            <line number="69" hits="1" branch="true" condition-coverage="50% (1/2)"/>
            <line number="70" hits="1" branch="false"/>
            <line number="77" hits="1" branch="false"/>
            <line number="87" hits="3" branch="false"/>
            <line number="88" hits="3" branch="false"/>
            <line number="89" hits="2" branch="true" condition-coverage="100% (2/2)"/>
            <line number="90" hits="1" branch="false"/>
            <line number="91" hits="1" branch="false"/>
            <line number="93" hits="1" branch="false"/>
            <line number="96" hits="1" branch="false"/>
            <line number="97" hits="1" branch="false"/>
            <line number="104" hits="1" branch="false"/>
            <line number="106" hits="1" branch="false"/>
            <line number="107" hits="1" branch="false"/>
            <line number="108" hits="1" branch="false"/>
            <line number="109" hits="1" branch="false"/>
            <line number="110" hits="1" branch="false"/>
            <line number="112" hits="1" branch="false"/>
            <line number="118" hits="1" branch="false"/>
            <line number="120" hits="1" branch="false"/>
            <line number="121" hits="1" branch="false"/>
            <line number="123" hits="1" branch="false"/>
            <line number="124" hits="1" branch="false"/>
            <line number="126" hits="1" branch="false"/>
            <line number="128" hits="1" branch="false"/>
            <line number="135" hits="0" branch="false"/>
            <line number="136" hits="0" branch="false"/>
            <line number="138" hits="0" branch="false"/>
            <line number="140" hits="0" branch="false"/>
            <line number="142" hits="0" branch="false"/>
            <line number="144" hits="0" branch="false"/>
            <line number="148" hits="0" branch="false"/>
            <line number="152" hits="0" branch="false"/>
            <line number="160" hits="1" branch="false"/>
            <line number="162" hits="2" branch="false"/>
            <line number="174" hits="0" branch="true" condition-coverage="0% (0/2)"/>
            <line number="183" hits="3" branch="true" condition-coverage="100% (2/2)"/>
            <line number="184" hits="1" branch="false"/>
            <line number="186" hits="2" branch="true" condition-coverage="100% (2/2)"/>
            <line number="187" hits="1" branch="false"/>
            <line number="190" hits="1" branch="false"/>
            <line number="199" hits="4" branch="true" condition-coverage="100% (2/2)"/>
            <line number="200" hits="1" branch="false"/>
            <line number="202" hits="3" branch="true" condition-coverage="100% (2/2)"/>
            <line number="203" hits="1" branch="false"/>
            <line number="205" hits="2" branch="true" condition-coverage="100% (2/2)"/>
            <line number="206" hits="1" branch="false"/>
            <line number="209" hits="1" branch="false"/>
            <line number="212" hits="4" branch="false"/>
            <line number="220" hits="5" branch="true" condition-coverage="100% (3/3)"/>
            <line number="228" hits="3" branch="true" condition-coverage="100% (2/2)"/>
            <line number="229" hits="1" branch="false"/>
            <line number="231" hits="2" branch="true" condition-coverage="100% (2/2)"/>
            <line number="232" hits="1" branch="false"/>
            <line number="234" hits="1" branch="true" condition-coverage="50% (1/2)"/>
            <line number="235" hits="1" branch="false"/>
            <line number="237" hits="3" branch="false"/>
            <line number="244" hits="6" branch="true" condition-coverage="100% (2/2)"/>
            <line number="245" hits="1" branch="false"/>
            <line number="247" hits="5" branch="true" condition-coverage="100% (4/4)"/>
            <line number="248" hits="2" branch="false"/>
            <line number="250" hits="3" branch="true" condition-coverage="100% (2/2)"/>
            <line number="251" hits="1" branch="false"/>
            <line number="253" hits="2" branch="true" condition-coverage="100% (2/2)"/>
            <line number="254" hits="1" branch="false"/>
            <line number="257" hits="1" branch="false"/>
            <line number="259" hits="6" branch="false"/>
            <line number="267" hits="3" branch="true" condition-coverage="100% (2/2)"/>
          </lines>
        </class>
      </classes>
    </package>
  </packages>
</coverage>
