<?xml version="1.0" ?>
<!DOCTYPE coverage SYSTEM "http://cobertura.sourceforge.net/xml/coverage-04.dtd">
<coverage lines-valid="84" lines-covered="78" line-rate="0.9285" branches-valid="43" branches-covered="37" branch-rate="0.8604" timestamp="1716126817813" complexity="0" version="0.1">
  <sources>
    <source>C:\Users\nashi\Desktop\Staff-Relations-Managment</source>
  </sources>
  <packages>
    <package name="main" line-rate="0.9285" branch-rate="0.8604">
      <classes>
        <class name="functions.js" filename="src\functions.js" line-rate="0.9285" branch-rate="0.8604">
          <methods>
            <method name="manageDate" hits="2" signature="()V">
              <lines>
                <line number="5" hits="2"/>
              </lines>
            </method>
            <method name="(anonymous_1)" hits="2" signature="()V">
              <lines>
                <line number="7" hits="2"/>
              </lines>
            </method>
            <method name="(anonymous_2)" hits="0" signature="()V">
              <lines>
                <line number="20" hits="0"/>
              </lines>
            </method>
            <method name="(anonymous_3)" hits="0" signature="()V">
              <lines>
                <line number="22" hits="0"/>
              </lines>
            </method>
            <method name="(anonymous_4)" hits="0" signature="()V">
              <lines>
                <line number="23" hits="0"/>
              </lines>
            </method>
            <method name="getDayName" hits="2" signature="()V">
              <lines>
                <line number="34" hits="2"/>
              </lines>
            </method>
            <method name="renderBookings" hits="1" signature="()V">
              <lines>
                <line number="41" hits="1"/>
              </lines>
            </method>
            <method name="(anonymous_7)" hits="1" signature="()V">
              <lines>
                <line number="43" hits="1"/>
              </lines>
            </method>
            <method name="renderMeals" hits="1" signature="()V">
              <lines>
                <line number="61" hits="1"/>
              </lines>
            </method>
            <method name="(anonymous_9)" hits="1" signature="()V">
              <lines>
                <line number="65" hits="1"/>
              </lines>
            </method>
            <method name="CheckUserAuthenticated" hits="3" signature="()V">
              <lines>
                <line number="85" hits="3"/>
              </lines>
            </method>
            <method name="CreateMealNotificationElements" hits="1" signature="()V">
              <lines>
                <line number="102" hits="1"/>
              </lines>
            </method>
            <method name="(anonymous_12)" hits="1" signature="()V">
              <lines>
                <line number="104" hits="1"/>
              </lines>
            </method>
            <method name="CreateCarWashNotificationElement" hits="1" signature="()V">
              <lines>
                <line number="116" hits="1"/>
              </lines>
            </method>
            <method name="(anonymous_14)" hits="1" signature="()V">
              <lines>
                <line number="118" hits="1"/>
              </lines>
            </method>
            <method name="PopulateNotifications" hits="1" signature="()V">
              <lines>
                <line number="132" hits="1"/>
              </lines>
            </method>
            <method name="(anonymous_16)" hits="2" signature="()V">
              <lines>
                <line number="133" hits="2"/>
              </lines>
            </method>
            <method name="ChangeWindow" hits="3" signature="()V">
              <lines>
                <line number="142" hits="3"/>
              </lines>
            </method>
            <method name="SetLoginError" hits="4" signature="()V">
              <lines>
                <line number="156" hits="4"/>
              </lines>
            </method>
            <method name="isValidAccessKey" hits="5" signature="()V">
              <lines>
                <line number="180" hits="5"/>
              </lines>
            </method>
            <method name="SetRole" hits="3" signature="()V">
              <lines>
                <line number="185" hits="3"/>
              </lines>
            </method>
            <method name="SetSignUpError" hits="6" signature="()V">
              <lines>
                <line number="202" hits="6"/>
              </lines>
            </method>
            <method name="truncateText" hits="3" signature="()V">
              <lines>
                <line number="227" hits="3"/>
              </lines>
            </method>
          </methods>
          <lines>
            <line number="7" hits="2" branch="false"/>
            <line number="9" hits="2" branch="false"/>
            <line number="10" hits="2" branch="true" condition-coverage="100% (4/4)"/>
            <line number="11" hits="1" branch="false"/>
            <line number="12" hits="1" branch="false"/>
            <line number="15" hits="1" branch="false"/>
            <line number="20" hits="2" branch="false"/>
            <line number="21" hits="0" branch="false"/>
            <line number="22" hits="0" branch="false"/>
            <line number="23" hits="0" branch="false"/>
            <line number="24" hits="0" branch="false"/>
            <line number="25" hits="0" branch="true" condition-coverage="0% (0/4)"/>
            <line number="26" hits="0" branch="false"/>
            <line number="35" hits="2" branch="false"/>
            <line number="36" hits="2" branch="false"/>
            <line number="37" hits="2" branch="false"/>
            <line number="42" hits="1" branch="false"/>
            <line number="43" hits="1" branch="false"/>
            <line number="44" hits="1" branch="false"/>
            <line number="45" hits="1" branch="false"/>
            <line number="53" hits="1" branch="false"/>
            <line number="63" hits="1" branch="false"/>
            <line number="65" hits="1" branch="false"/>
            <line number="66" hits="1" branch="false"/>
            <line number="67" hits="1" branch="false"/>
            <line number="69" hits="1" branch="true" condition-coverage="50% (1/2)"/>
            <line number="70" hits="1" branch="false"/>
            <line number="77" hits="1" branch="false"/>
            <line number="87" hits="3" branch="false"/>
            <line number="88" hits="3" branch="false"/>
            <line number="89" hits="2" branch="true" condition-coverage="100% (2/2)"/>
            <line number="90" hits="1" branch="false"/>
            <line number="91" hits="1" branch="false"/>
            <line number="93" hits="1" branch="false"/>
            <line number="96" hits="1" branch="false"/>
            <line number="97" hits="1" branch="false"/>
            <line number="104" hits="1" branch="false"/>
            <line number="106" hits="1" branch="false"/>
            <line number="107" hits="1" branch="false"/>
            <line number="108" hits="1" branch="false"/>
            <line number="109" hits="1" branch="false"/>
            <line number="110" hits="1" branch="false"/>
            <line number="112" hits="1" branch="false"/>
            <line number="118" hits="1" branch="false"/>
            <line number="120" hits="1" branch="false"/>
            <line number="121" hits="1" branch="false"/>
            <line number="123" hits="1" branch="false"/>
            <line number="124" hits="1" branch="false"/>
            <line number="126" hits="1" branch="false"/>
            <line number="128" hits="1" branch="false"/>
            <line number="133" hits="1" branch="false"/>
            <line number="134" hits="2" branch="false"/>
            <line number="144" hits="3" branch="true" condition-coverage="100% (2/2)"/>
            <line number="145" hits="1" branch="false"/>
            <line number="147" hits="2" branch="true" condition-coverage="100% (2/2)"/>
            <line number="148" hits="1" branch="false"/>
            <line number="151" hits="1" branch="false"/>
            <line number="160" hits="4" branch="true" condition-coverage="100% (2/2)"/>
            <line number="161" hits="1" branch="false"/>
            <line number="163" hits="3" branch="true" condition-coverage="100% (2/2)"/>
            <line number="164" hits="1" branch="false"/>
            <line number="166" hits="2" branch="true" condition-coverage="100% (2/2)"/>
            <line number="167" hits="1" branch="false"/>
            <line number="170" hits="1" branch="false"/>
            <line number="173" hits="4" branch="false"/>
            <line number="181" hits="5" branch="true" condition-coverage="100% (3/3)"/>
            <line number="189" hits="3" branch="true" condition-coverage="100% (2/2)"/>
            <line number="190" hits="1" branch="false"/>
            <line number="192" hits="2" branch="true" condition-coverage="100% (2/2)"/>
            <line number="193" hits="1" branch="false"/>
            <line number="195" hits="1" branch="true" condition-coverage="50% (1/2)"/>
            <line number="196" hits="1" branch="false"/>
            <line number="198" hits="3" branch="false"/>
            <line number="205" hits="6" branch="true" condition-coverage="100% (2/2)"/>
            <line number="206" hits="1" branch="false"/>
            <line number="208" hits="5" branch="true" condition-coverage="100% (4/4)"/>
            <line number="209" hits="2" branch="false"/>
            <line number="211" hits="3" branch="true" condition-coverage="100% (2/2)"/>
            <line number="212" hits="1" branch="false"/>
            <line number="214" hits="2" branch="true" condition-coverage="100% (2/2)"/>
            <line number="215" hits="1" branch="false"/>
            <line number="218" hits="1" branch="false"/>
            <line number="220" hits="6" branch="false"/>
            <line number="228" hits="3" branch="true" condition-coverage="100% (2/2)"/>
          </lines>
        </class>
      </classes>
    </package>
  </packages>
</coverage>
